<?xml version="1.0" encoding="UTF-8"?>
<!-- Generated by org.testng.reporters.JUnitXMLReporter -->
<testsuite hostname="DESKTOP-L64VPPA" ignored="0" name="Default test" tests="3" failures="0" timestamp="2021-04-01T06:54:22 IST" time="51.98" errors="0">
  <testcase name="verifyAddEmployeeTab" time="1.114" classname="com.hrm.qa.testcases.PIM_PageTest"/>
  <testcase name="verifyAddEmployeebutton" time="1.353" classname="com.hrm.qa.testcases.PIM_PageTest"/>
  <testcase name="verifyValidations" time="1.435" classname="com.hrm.qa.testcases.PIM_PageTest"/>
</testsuite> <!-- Default test -->
