<?xml version="1.0" encoding="UTF-8"?>
<!-- Generated by org.testng.reporters.JUnitXMLReporter -->
<testsuite hostname="DESKTOP-L64VPPA" ignored="0" name="Test" tests="4" failures="0" timestamp="2021-03-24T10:34:49 IST" time="11.632" errors="0">
  <testcase name="validate_title" time="6.172" classname="testNGpack.NewTest_1"/>
  <testcase name="validate_url" time="5.422" classname="testNGpack.NewTest_1"/>
  <testcase name="secondmethod" time="0.001" classname="testNGpack.NewTest"/>
  <testcase name="firstmethod" time="0.001" classname="testNGpack.NewTest"/>
</testsuite> <!-- Test -->
